{
    "gold": [
        {
            "date": "1404/05/26",
            "time": "18:53",
            "time_unix": 1755444180,
            "symbol": "IR_GOLD_18K",
            "name_en": "18K Gold",
            "name": "طلای 18 عیار",
            "price": 7498800,
            "change_value": 97000,
            "change_percent": 1.31,
            "unit": "تومان"
        },
        {
            "date": "1404/05/26",
            "time": "18:53",
            "time_unix": 1755444180,
            "symbol": "IR_GOLD_24K",
            "name_en": "24K Gold",
            "name": "طلای 24 عیار",
            "price": 9998200,
            "change_value": 129200,
            "change_percent": 1.31,
            "unit": "تومان"
        },
        {
            "date": "1404/05/26",
            "time": "18:53",
            "time_unix": 1755444180,
            "symbol": "IR_GOLD_MELTED",
            "name_en": "Melted Gold",
            "name": "طلای آب‌شده نقدی",
            "price": 32482000,
            "change_value": 419000,
            "change_percent": 1.31,
            "unit": "تومان"
        },
        {
            "date": "1404/05/26",
            "time": "00:00",
            "time_unix": 1755376200,
            "symbol": "XAUUSD",
            "name_en": "Gold Ounce",
            "name": "انس طلا",
            "price": 3335,
            "change_value": 0,
            "change_percent": 0,
            "unit": "دلار"
        },
        {
            "date": "1404/05/26",
            "time": "11:06",
            "time_unix": 1755416160,
            "symbol": "IR_COIN_1G",
            "name_en": "1g Coin",
            "name": "سکه یک گرمی",
            "price": 14400000,
            "change_value": 0,
            "change_percent": 0,
            "unit": "تومان"
        },
        {
            "date": "1404/05/26",
            "time": "17:29",
            "time_unix": 1755439140,
            "symbol": "IR_COIN_QUARTER",
            "name_en": "Quarter Coin",
            "name": "ربع سکه",
            "price": 25300000,
            "change_value": 200000,
            "change_percent": 0.8,
            "unit": "تومان"
        },
        {
            "date": "1404/05/26",
            "time": "17:29",
            "time_unix": 1755439140,
            "symbol": "IR_COIN_HALF",
            "name_en": "Half Coin",
            "name": "نیم سکه",
            "price": 43600000,
            "change_value": 100000,
            "change_percent": 0.23,
            "unit": "تومان"
        },
        {
            "date": "1404/05/26",
            "time": "18:53",
            "time_unix": 1755444180,
            "symbol": "IR_COIN_EMAMI",
            "name_en": "Emami Coin",
            "name": "سکه امامی",
            "price": 83510000,
            "change_value": 315000,
            "change_percent": 0.38,
            "unit": "تومان"
        },
        {
            "date": "1404/05/26",
            "time": "18:53",
            "time_unix": 1755444180,
            "symbol": "IR_COIN_BAHAR",
            "name_en": "Bahar Azadi Coin",
            "name": "سکه بهار آزادی",
            "price": 75185000,
            "change_value": 675000,
            "change_percent": 0.91,
            "unit": "تومان"
        }
    ],
    "currency": [
        {
            "date": "1404/05/26",
            "time": "18:54",
            "time_unix": 1755444240,
            "symbol": "USDT_IRT",
            "name_en": "Tether Dollar",
            "name": "دلار تتر",
            "price": 92888,
            "change_value": 709,
            "change_percent": 0.77,
            "unit": "تومان"
        },
        {
            "date": "1404/05/26",
            "time": "18:53",
            "time_unix": 1755444180,
            "symbol": "USD",
            "name_en": "US Dollar",
            "name": "دلار",
            "price": 93255,
            "change_value": 495,
            "change_percent": 0.53,
            "unit": "تومان"
        },
        {
            "date": "1404/05/26",
            "time": "18:53",
            "time_unix": 1755444180,
            "symbol": "EUR",
            "name_en": "Euro",
            "name": "یورو",
            "price": 109190,
            "change_value": 590,
            "change_percent": 0.54,
            "unit": "تومان"
        },
        {
            "date": "1404/05/26",
            "time": "18:53",
            "time_unix": 1755444180,
            "symbol": "AED",
            "name_en": "UAE Dirham",
            "name": "درهم امارات",
            "price": 25495,
            "change_value": 138,
            "change_percent": 0.54,
            "unit": "تومان"
        },
        {
            "date": "1404/05/26",
            "time": "18:53",
            "time_unix": 1755444180,
            "symbol": "GBP",
            "name_en": "British Pound",
            "name": "پوند",
            "price": 126350,
            "change_value": 680,
            "change_percent": 0.54,
            "unit": "تومان"
        },
        {
            "date": "1404/05/26",
            "time": "18:53",
            "time_unix": 1755444180,
            "symbol": "JPY",
            "name_en": "Japanese Yen",
            "name": "یکصد ین ژاپن",
            "price": 63586,
            "change_value": 343,
            "change_percent": 0.54,
            "unit": "تومان"
        },
        {
            "date": "1404/05/26",
            "time": "18:53",
            "time_unix": 1755444180,
            "symbol": "KWD",
            "name_en": "Kuwaiti Dinar",
            "name": "دینار کویت",
            "price": 305800,
            "change_value": 1650,
            "change_percent": 0.54,
            "unit": "تومان"
        },
        {
            "date": "1404/05/26",
            "time": "18:53",
            "time_unix": 1755444180,
            "symbol": "AUD",
            "name_en": "Australian Dollar",
            "name": "دلار استرالیا",
            "price": 60650,
            "change_value": 320,
            "change_percent": 0.53,
            "unit": "تومان"
        },
        {
            "date": "1404/05/26",
            "time": "18:53",
            "time_unix": 1755444180,
            "symbol": "CAD",
            "name_en": "Canadian Dollar",
            "name": "دلار کانادا",
            "price": 67500,
            "change_value": 370,
            "change_percent": 0.55,
            "unit": "تومان"
        },
        {
            "date": "1404/05/26",
            "time": "18:53",
            "time_unix": 1755444180,
            "symbol": "CNY",
            "name_en": "Chinese Yuan",
            "name": "یوآن چین",
            "price": 12990,
            "change_value": 70,
            "change_percent": 0.54,
            "unit": "تومان"
        },
        {
            "date": "1404/05/26",
            "time": "18:53",
            "time_unix": 1755444180,
            "symbol": "TRY",
            "name_en": "Turkish Lira",
            "name": "لیر ترکیه",
            "price": 2280,
            "change_value": 20,
            "change_percent": 0.88,
            "unit": "تومان"
        },
        {
            "date": "1404/05/26",
            "time": "18:53",
            "time_unix": 1755444180,
            "symbol": "SAR",
            "name_en": "Saudi Riyal",
            "name": "ریال عربستان",
            "price": 24881,
            "change_value": 132,
            "change_percent": 0.53,
            "unit": "تومان"
        },
        {
            "date": "1404/05/26",
            "time": "18:53",
            "time_unix": 1755444180,
            "symbol": "CHF",
            "name_en": "Swiss Franc",
            "name": "فرانک سوئیس",
            "price": 115510,
            "change_value": 630,
            "change_percent": 0.55,
            "unit": "تومان"
        },
        {
            "date": "1404/05/26",
            "time": "18:42",
            "time_unix": 1755443520,
            "symbol": "INR",
            "name_en": "Indian Rupee",
            "name": "روپیه هند",
            "price": 1066,
            "change_value": 6,
            "change_percent": 0.57,
            "unit": "تومان"
        },
        {
            "date": "1404/05/26",
            "time": "18:53",
            "time_unix": 1755444180,
            "symbol": "PKR",
            "name_en": "Pakistani Rupee",
            "name": "روپیه پاکستان",
            "price": 330,
            "change_value": 1,
            "change_percent": 0.55,
            "unit": "تومان"
        },
        {
            "date": "1404/05/26",
            "time": "18:53",
            "time_unix": 1755444180,
            "symbol": "IQD",
            "name_en": "Iraqi Dinar",
            "name": "دینار عراق",
            "price": 71,
            "change_value": 0,
            "change_percent": 0.56,
            "unit": "تومان"
        },
        {
            "date": "1404/05/26",
            "time": "11:23",
            "time_unix": 1755417180,
            "symbol": "SYP",
            "name_en": "Syrian Lira",
            "name": "لیر سوریه",
            "price": 7,
            "change_value": 0,
            "change_percent": 0,
            "unit": "تومان"
        },
        {
            "date": "1404/05/26",
            "time": "18:42",
            "time_unix": 1755443520,
            "symbol": "SEK",
            "name_en": "Swedish Krona",
            "name": "کرون سوئد",
            "price": 9770,
            "change_value": 50,
            "change_percent": 0.51,
            "unit": "تومان"
        },
        {
            "date": "1404/05/26",
            "time": "18:53",
            "time_unix": 1755444180,
            "symbol": "QAR",
            "name_en": "Qatari Riyal",
            "name": "ریال قطر",
            "price": 25030,
            "change_value": 140,
            "change_percent": 0.56,
            "unit": "تومان"
        },
        {
            "date": "1404/05/26",
            "time": "18:53",
            "time_unix": 1755444180,
            "symbol": "OMR",
            "name_en": "Omani Rial",
            "name": "ریال عمان",
            "price": 242320,
            "change_value": 1310,
            "change_percent": 0.54,
            "unit": "تومان"
        },
        {
            "date": "1404/05/26",
            "time": "18:53",
            "time_unix": 1755444180,
            "symbol": "BHD",
            "name_en": "Bahraini Dinar",
            "name": "دینار بحرین",
            "price": 247370,
            "change_value": 1310,
            "change_percent": 0.53,
            "unit": "تومان"
        },
        {
            "date": "1404/05/26",
            "time": "18:53",
            "time_unix": 1755444180,
            "symbol": "AFN",
            "name_en": "Afghan Afghani",
            "name": "افغانی",
            "price": 1385,
            "change_value": 8,
            "change_percent": 0.58,
            "unit": "تومان"
        },
        {
            "date": "1404/05/26",
            "time": "18:53",
            "time_unix": 1755444180,
            "symbol": "MYR",
            "name_en": "Malaysian Ringgit",
            "name": "رینگیت مالزی",
            "price": 22150,
            "change_value": 120,
            "change_percent": 0.54,
            "unit": "تومان"
        },
        {
            "date": "1404/05/26",
            "time": "18:53",
            "time_unix": 1755444180,
            "symbol": "THB",
            "name_en": "Thai Baht",
            "name": "بات تایلند",
            "price": 2872,
            "change_value": 15,
            "change_percent": 0.53,
            "unit": "تومان"
        },
        {
            "date": "1404/05/26",
            "time": "18:42",
            "time_unix": 1755443520,
            "symbol": "RUB",
            "name_en": "Russian Ruble",
            "name": "روبل روسیه",
            "price": 1161,
            "change_value": 6,
            "change_percent": 0.52,
            "unit": "تومان"
        },
        {
            "date": "1404/05/26",
            "time": "18:53",
            "time_unix": 1755444180,
            "symbol": "AZN",
            "name_en": "Azerbaijani Manat",
            "name": "منات آذربایجان",
            "price": 55030,
            "change_value": 300,
            "change_percent": 0.55,
            "unit": "تومان"
        },
        {
            "date": "1404/05/26",
            "time": "18:53",
            "time_unix": 1755444180,
            "symbol": "AMD",
            "name_en": "Armenian Dram",
            "name": "درام ارمنستان",
            "price": 243,
            "change_value": 1,
            "change_percent": 0.41,
            "unit": "تومان"
        },
        {
            "date": "1404/05/26",
            "time": "18:53",
            "time_unix": 1755444180,
            "symbol": "GEL",
            "name_en": "Georgian Lari",
            "name": "لاری گرجستان",
            "price": 34830,
            "change_value": 180,
            "change_percent": 0.52,
            "unit": "تومان"
        }
    ],
    "cryptocurrency": [
        {
            "date": "1404/05/26",
            "time": "18:54",
            "time_unix": 1755444240,
            "symbol": "BTC",
            "name_en": "Bitcoin",
            "name": "بیت‌کوین",
            "price": "118100.01",
            "change_percent": 0.21,
            "market_cap": 2354185277860,
            "unit": "دلار",
            "description": "اولین و معروف‌ترین رمزارز جهان، با ارزش بازار بالا و پذیرش گسترده به عنوان طلای دیجیتال"
        },
        {
            "date": "1404/05/26",
            "time": "18:54",
            "time_unix": 1755444240,
            "symbol": "ETH",
            "name_en": "Ethereum",
            "name": "اتریوم",
            "price": "4551.75",
            "change_percent": 3.23,
            "market_cap": 549552889479,
            "unit": "دلار",
            "description": "پلتفرم پیشرو برای قراردادهای هوشمند و برنامه‌های غیرمتمرکز (DApps)، با اکوسیستمی غنی"
        },
        {
            "date": "1404/05/26",
            "time": "18:54",
            "time_unix": 1755444240,
            "symbol": "USDT",
            "name_en": "Tether",
            "name": "تتر",
            "price": "1.0006",
            "change_percent": 0,
            "market_cap": 166755612444,
            "unit": "دلار",
            "description": "استیبل‌کوین محبوب با ارزش ثابت برابر ۱ دلار آمریکا، مناسب برای حفظ ارزش دارایی‌ها"
        },
        {
            "date": "1404/05/26",
            "time": "18:54",
            "time_unix": 1755444240,
            "symbol": "XRP",
            "name_en": "XRP",
            "name": "ایکس‌آر‌پی",
            "price": "3.1305",
            "change_percent": 0.66,
            "market_cap": 185360384966,
            "unit": "دلار",
            "description": "رمزارزی برای پرداخت‌های سریع و کم‌هزینه بین‌المللی، با تمرکز بر همکاری با مؤسسات مالی"
        },
        {
            "date": "1404/05/26",
            "time": "18:54",
            "time_unix": 1755444240,
            "symbol": "BNB",
            "name_en": "BNB",
            "name": "بی‌ان‌بی",
            "price": "861.4382",
            "change_percent": 3.29,
            "market_cap": 119645359634,
            "unit": "دلار",
            "description": "توکن بومی صرافی بایننس، با کاربرد در پرداخت کارمزدها و مشارکت در اکوسیستم بایننس"
        },
        {
            "date": "1404/05/26",
            "time": "18:54",
            "time_unix": 1755444240,
            "symbol": "SOL",
            "name_en": "Solana",
            "name": "سولانا",
            "price": "193.81",
            "change_percent": 2.2,
            "market_cap": 104819340795,
            "unit": "دلار",
            "description": "بلاک‌چینی فوق‌سریع و کم‌هزینه، مناسب برای برنامه‌های غیرمتمرکز و توکن‌های NFT"
        },
        {
            "date": "1404/05/26",
            "time": "18:54",
            "time_unix": 1755444240,
            "symbol": "USDC",
            "name_en": "USD Coin",
            "name": "یواس‌دی کوین",
            "price": "0.995",
            "change_percent": -0.08,
            "market_cap": 68162593415,
            "unit": "دلار",
            "description": "استیبل‌کوینی معتبر با پشتوانه دلار آمریکا، تحت نظارت شرکت‌های مالی معتبر"
        },
        {
            "date": "1404/05/26",
            "time": "18:54",
            "time_unix": 1755444240,
            "symbol": "TRX",
            "name_en": "TRON",
            "name": "ترون",
            "price": "0.353",
            "change_percent": 2.05,
            "market_cap": 33332917904,
            "unit": "دلار",
            "description": "بلاک‌چینی برای محتوا و سرگرمی، با تمرکز بر پرداخت‌های دیجیتال و تولید محتوا"
        },
        {
            "date": "1404/05/26",
            "time": "18:54",
            "time_unix": 1755444240,
            "symbol": "DOGE",
            "name_en": "Dogecoin",
            "name": "دوج‌کوین",
            "price": "0.23506",
            "change_percent": 2.43,
            "market_cap": 35447582459,
            "unit": "دلار",
            "description": "میم‌کوینی محبوب با جامعه‌ای فعال، مناسب برای پرداخت‌های خرد و فعالیت‌های اجتماعی"
        },
        {
            "date": "1404/05/26",
            "time": "18:54",
            "time_unix": 1755444240,
            "symbol": "ADA",
            "name_en": "Cardano",
            "name": "کاردانو",
            "price": "0.9708",
            "change_percent": 6.68,
            "market_cap": 34492425148,
            "unit": "دلار",
            "description": "پلتفرمی امن و مقیاس‌پذیر برای قراردادهای هوشمند، با رویکردی علمی و تحقیق‌محور"
        },
        {
            "date": "1404/05/26",
            "time": "18:54",
            "time_unix": 1755444240,
            "symbol": "LINK",
            "name_en": "Chainlink",
            "name": "چین‌لینک",
            "price": "25.6368",
            "change_percent": 15.54,
            "market_cap": 17310387184,
            "unit": "دلار",
            "description": "پروژه‌ای برای اتصال داده‌های دنیای واقعی به بلاک‌چین، ضروری برای قراردادهای هوشمند"
        },
        {
            "date": "1404/05/26",
            "time": "18:54",
            "time_unix": 1755444240,
            "symbol": "XLM",
            "name_en": "Stellar",
            "name": "استلار",
            "price": "0.43021",
            "change_percent": 1.2,
            "market_cap": 13450575331,
            "unit": "دلار",
            "description": "شبکه‌ای برای پرداخت‌های بین‌المللی ارزان و سریع، با تمرکز بر بانکداری بدون مرز"
        },
        {
            "date": "1404/05/26",
            "time": "18:54",
            "time_unix": 1755444240,
            "symbol": "AVAX",
            "name_en": "Avalanche",
            "name": "آوالانچ",
            "price": "25",
            "change_percent": 3.95,
            "market_cap": 10605331757,
            "unit": "دلار",
            "description": "بلاک‌چینی سریع و مقیاس‌پذیر، رقیبی برای اتریوم و سولانا در حوزه قراردادهای هوشمند"
        },
        {
            "date": "1404/05/26",
            "time": "18:54",
            "time_unix": 1755444240,
            "symbol": "SHIB",
            "name_en": "Shiba Inu",
            "name": "شیبا اینو",
            "price": "0.00001316",
            "change_percent": 1.46,
            "market_cap": 5409980,
            "unit": "دلار",
            "description": "توکنی محبوب با الهام از دوج‌کوین، با اکوسیستمی در حال رشد و جذابیت برای سرمایه‌گذاران خرد"
        },
        {
            "date": "1404/05/26",
            "time": "18:54",
            "time_unix": 1755444240,
            "symbol": "LTC",
            "name_en": "Litecoin",
            "name": "لایت‌کوین",
            "price": "122",
            "change_percent": 1.9,
            "market_cap": 9282057777,
            "unit": "دلار",
            "description": "یکی از قدیمی‌ترین رمزارزها، با تراکنش‌های سریع‌تر و کارمزد کمتر نسبت به بیت‌کوین"
        },
        {
            "date": "1404/05/26",
            "time": "18:54",
            "time_unix": 1755444240,
            "symbol": "DOT",
            "name_en": "Polkadot",
            "name": "پولکادات",
            "price": "4.1",
            "change_percent": 3.04,
            "market_cap": 6608928277,
            "unit": "دلار",
            "description": "پروژه‌ای برای اتصال بلاک‌چین‌های مختلف و ایجاد یک شبکه یکپارچه و تعاملی"
        },
        {
            "date": "1404/05/26",
            "time": "18:54",
            "time_unix": 1755444240,
            "symbol": "UNI",
            "name_en": "Uniswap",
            "name": "یونی‌سواپ",
            "price": "11.13",
            "change_percent": 0.49,
            "market_cap": 7017803595,
            "unit": "دلار",
            "description": "توکن حاکمیتی بزرگ‌ترین صرافی غیرمتمرکز (DEX)، پیشرو در حوزه دیفای (DeFi)"
        },
        {
            "date": "1404/05/26",
            "time": "18:54",
            "time_unix": 1755444240,
            "symbol": "ATOM",
            "name_en": "Cosmos",
            "name": "کازماس",
            "price": "4.71",
            "change_percent": 3.29,
            "market_cap": 2165773669,
            "unit": "دلار",
            "description": "پروژه‌ای برای ایجاد اینترنت بلاک‌چین‌ها، با هدف ارتباط بین زنجیره‌های مختلف"
        },
        {
            "date": "1404/05/26",
            "time": "18:54",
            "time_unix": 1755444240,
            "symbol": "FIL",
            "name_en": "Filecoin",
            "name": "فایل‌کوین",
            "price": "2.5828",
            "change_percent": 1.95,
            "market_cap": 1770674485,
            "unit": "دلار",
            "description": "شبکه‌ای غیرمتمرکز برای ذخیره‌سازی داده‌ها، با امکان کسب درآمد از فضای ذخیره‌سازی"
        }
    ]
}